<?xml version="1.0"?>
<!DOCTYPE coverage SYSTEM "http://cobertura.sourceforge.net/xml/coverage-02.dtd">

<coverage line-rate="0.875" branch-rate="1.0" version="1.7" timestamp="1517308687093">
	<sources>
		<source>C:/Unit_testing_POC/testCalculator/src/main/java</source>
		<source>--source</source>
	</sources>
	<packages>
		<package name="testCalculator" line-rate="0.875" branch-rate="1.0" complexity="1.0">
			<classes>
				<class name="testCalculator.Calculator" filename="testCalculator/Calculator.java" line-rate="0.875" branch-rate="1.0" complexity="1.0">
					<methods>
						<method name="&lt;init&gt;" signature="(II)V" line-rate="1.0" branch-rate="1.0">
							<lines>
								<line number="6" hits="6" branch="false"/>
								<line number="7" hits="6" branch="false"/>
								<line number="8" hits="6" branch="false"/>
								<line number="9" hits="6" branch="false"/>
							</lines>
						</method>
						<method name="add" signature="()I" line-rate="1.0" branch-rate="1.0">
							<lines>
								<line number="11" hits="2" branch="false"/>
							</lines>
						</method>
						<method name="divison" signature="()I" line-rate="1.0" branch-rate="1.0">
							<lines>
								<line number="20" hits="2" branch="false"/>
							</lines>
						</method>
						<method name="multiply" signature="()I" line-rate="0.0" branch-rate="1.0">
							<lines>
								<line number="17" hits="0" branch="false"/>
							</lines>
						</method>
						<method name="subtract" signature="()I" line-rate="1.0" branch-rate="1.0">
							<lines>
								<line number="14" hits="2" branch="false"/>
							</lines>
						</method>
					</methods>
					<lines>
						<line number="6" hits="6" branch="false"/>
						<line number="7" hits="6" branch="false"/>
						<line number="8" hits="6" branch="false"/>
						<line number="9" hits="6" branch="false"/>
						<line number="11" hits="2" branch="false"/>
						<line number="14" hits="2" branch="false"/>
						<line number="17" hits="0" branch="false"/>
						<line number="20" hits="2" branch="false"/>
					</lines>
				</class>
			</classes>
		</package>
	</packages>
</coverage>
